app/build/outputs/mapping/release/usage.txt
android.support.annotation.AnimRes
android.support.annotation.AnimatorRes
android.support.annotation.AnyRes
android.support.annotation.AnyThread
android.support.annotation.ArrayRes
android.support.annotation.AttrRes
android.support.annotation.BinderThread
android.support.annotation.BoolRes
android.support.annotation.CallSuper
android.support.annotation.CheckResult
android.support.annotation.ColorInt
android.support.annotation.ColorLong
android.support.annotation.ColorRes
android.support.annotation.DimenRes
android.support.annotation.Dimension
android.support.annotation.DrawableRes
android.support.annotation.FloatRange
android.support.annotation.FontRes
android.support.annotation.FractionRes
android.support.annotation.GuardedBy
android.support.annotation.HalfFloat
android.support.annotation.IdRes
android.support.annotation.IntDef
android.support.annotation.IntRange
android.support.annotation.IntegerRes
android.support.annotation.InterpolatorRes
android.support.annotation.LayoutRes
android.support.annotation.MainThread
android.support.annotation.MenuRes
android.support.annotation.NonNull
android.support.annotation.Nullable
android.support.annotation.PluralsRes
android.support.annotation.Px
android.support.annotation.RawRes
android.support.annotation.RequiresApi
android.support.annotation.RequiresPermission$Read
android.support.annotation.RequiresPermission$Write
android.support.annotation.RequiresPermission
android.support.annotation.RestrictTo$Scope
android.support.annotation.RestrictTo
android.support.annotation.Size
android.support.annotation.StringDef
android.support.annotation.StringRes
android.support.annotation.StyleRes
android.support.annotation.StyleableRes
android.support.annotation.TransitionRes
android.support.annotation.UiThread
android.support.annotation.VisibleForTesting
android.support.annotation.WorkerThread
android.support.annotation.XmlRes
android.viewbinding.R
android.viewbinding.ViewBinding
android.viewbinding.ViewBindings
com.raylib.raymob.BuildConfig
com.raylib.raymob.R$color
com.raylib.raymob.R$mipmap
com.raylib.raymob.R$string
com.raylib.raymob.R
com.raylib.raymob.SoftKeyboard:
    public void clearLastEvent()
    public int getLastKeyCode()
    public char getLastKeyLabel()
    public int getLastKeyUnicode()
    public void hideKeyboard()
    public void showKeyboard()
com.raylib.raymob.DisplayManager:
    public static void keepScreenOn()
    public static void renderIntoCutoutArea()
    public final void setImmersiveMode()
com.raylib.raymob.NativeLoader:
    public boolean initCallback
    private native void onAppPause()
    private native void onAppResume()
    private native void onAppStart()
    private native void onAppStop()
com.raylib.raymob.SoftKeyboard:
    public final android.content.Context context
    public final android.view.inputmethod.InputMethodManager imm
    public android.view.KeyEvent lastKeyEvent
    public static void onKeyUpEvent()